<?xml version="1.0" encoding="UTF-8"?>
<!-- Generated by org.testng.reporters.JUnitReportReporter -->
<testsuite hostname="Aman" failures="0" tests="1" name="testCases.TC_001AccountRegistrationTest" time="3.794" errors="0" timestamp="2025-06-13T14:07:02 IST" skipped="0">
  <testcase classname="testCases.TC_001AccountRegistrationTest" name="verify_Account_registration" time="3.794"/>
  <system-out/>
</testsuite> <!-- testCases.TC_001AccountRegistrationTest -->
