<?xml version="1.0" encoding="UTF-8"?>
<!-- Generated by org.testng.reporters.JUnitReportReporter -->
<testsuite hostname="Aman" failures="0" tests="1" name="testCases.TC_002AccountResister_RandomDataTest" time="4.762" errors="0" timestamp="2025-06-13T17:39:26 IST" skipped="0">
  <testcase classname="testCases.TC_002AccountResister_RandomDataTest" name="verify_Account_registration" time="4.762"/>
  <system-out/>
</testsuite> <!-- testCases.TC_002AccountResister_RandomDataTest -->
