<?xml version="1.0" encoding="UTF-8"?>
<!-- Generated by org.testng.reporters.JUnitReportReporter -->
<testsuite hostname="Aman" failures="0" tests="1" name="testCases.RegisterAccountWithBaseClass" time="3.637" errors="0" timestamp="2025-06-15T09:06:05 IST" skipped="0">
  <testcase classname="testCases.RegisterAccountWithBaseClass" name="verify_Account_registration" time="3.637"/>
  <system-out/>
</testsuite> <!-- testCases.RegisterAccountWithBaseClass -->
