<?xml version="1.0" encoding="UTF-8"?>
<!-- Generated by org.testng.reporters.JUnitReportReporter -->
<testsuite hostname="Aman" failures="0" tests="1" name="testCases.RegisterAccountWithBaseClass" time="4.547" errors="0" timestamp="2025-06-13T17:51:14 IST" skipped="0">
  <testcase classname="testCases.RegisterAccountWithBaseClass" name="verify_Account_registration" time="4.547"/>
  <system-out/>
</testsuite> <!-- testCases.RegisterAccountWithBaseClass -->
